#-----------------------------------------------------------
# Vivado v2024.2 (64-bit)
# SW Build 5239630 on Fri Nov 08 22:34:34 MST 2024
# IP Build 5239520 on Sun Nov 10 16:12:51 MST 2024
# SharedData Build 5239561 on Fri Nov 08 14:39:27 MST 2024
# Start of session at: Sat Nov  8 18:00:56 2025
# Process ID         : 30013
# Current directory  : /home/sg/JSG-Verilog/0_Basic/1_Gate/0_buffer/1_Structural_Modeling/work
# Command line       : vivado -source gen_synth_schematic.tcl
# Log file           : /home/sg/JSG-Verilog/0_Basic/1_Gate/0_buffer/1_Structural_Modeling/work/vivado.log
# Journal file       : /home/sg/JSG-Verilog/0_Basic/1_Gate/0_buffer/1_Structural_Modeling/work/vivado.jou
# Running On         : DESKTOP-KUORUP8
# Platform           : Ubuntu
# Operating System   : Ubuntu 20.04.6 LTS
# Processor Detail   : 12th Gen Intel(R) Core(TM) i5-12400F
# CPU Frequency      : 2496.001 MHz
# CPU Physical cores : 6
# CPU Logical cores  : 12
# Host memory        : 8245 MB
# Swap memory        : 2147 MB
# Total Virtual      : 10392 MB
# Available Virtual  : 8460 MB
#-----------------------------------------------------------
start_gui
source gen_synth_schematic.tcl
# create_project -in_memory -part xc7z020clg400-1
INFO: [IP_Flow 19-234] Refreshing IP repositories
INFO: [IP_Flow 19-1704] No user IP repositories specified
INFO: [IP_Flow 19-2313] Loaded Vivado IP repository '/home/sg/tools/Xilinx/Vivado/2024.2/data/ip'.
# read_verilog [ glob ../buffer_s.v ]
# synth_design -top buffer_s
Command: synth_design -top buffer_s
Starting synth_design
Using part: xc7z020clg400-1
Attempting to get a license for feature 'Synthesis' and/or device 'xc7z020'
INFO: [Common 17-349] Got license for feature 'Synthesis' and/or device 'xc7z020'
INFO: [Synth 8-7079] Multithreading enabled for synth_design using a maximum of 7 processes.
INFO: [Synth 8-7078] Launching helper process for spawning children vivado processes
INFO: [Synth 8-7075] Helper process launched with PID 30163
---------------------------------------------------------------------------------
Starting Synthesize : Time (s): cpu = 00:00:03 ; elapsed = 00:00:03 . Memory (MB): peak = 7884.531 ; gain = 408.699 ; free physical = 2614 ; free virtual = 6855
---------------------------------------------------------------------------------
INFO: [Synth 8-6157] synthesizing module 'buffer_s' [/home/sg/JSG-Verilog/0_Basic/1_Gate/0_buffer/1_Structural_Modeling/buffer_s.v:1]
INFO: [Synth 8-6155] done synthesizing module 'buffer_s' (0#1) [/home/sg/JSG-Verilog/0_Basic/1_Gate/0_buffer/1_Structural_Modeling/buffer_s.v:1]
WARNING: [Synth 8-3330] design buffer_s has an empty top module
---------------------------------------------------------------------------------
Finished Synthesize : Time (s): cpu = 00:00:04 ; elapsed = 00:00:04 . Memory (MB): peak = 7941.484 ; gain = 465.652 ; free physical = 2539 ; free virtual = 6781
---------------------------------------------------------------------------------
---------------------------------------------------------------------------------
Finished Constraint Validation : Time (s): cpu = 00:00:05 ; elapsed = 00:00:04 . Memory (MB): peak = 7959.297 ; gain = 483.465 ; free physical = 2531 ; free virtual = 6773
---------------------------------------------------------------------------------
---------------------------------------------------------------------------------
Start Loading Part and Timing Information
---------------------------------------------------------------------------------
Loading part: xc7z020clg400-1
INFO: [Device 21-403] Loading part xc7z020clg400-1
---------------------------------------------------------------------------------
Finished Loading Part and Timing Information : Time (s): cpu = 00:00:05 ; elapsed = 00:00:04 . Memory (MB): peak = 7959.297 ; gain = 483.465 ; free physical = 2531 ; free virtual = 6773
---------------------------------------------------------------------------------
---------------------------------------------------------------------------------
Finished RTL Optimization Phase 2 : Time (s): cpu = 00:00:05 ; elapsed = 00:00:04 . Memory (MB): peak = 7968.203 ; gain = 492.371 ; free physical = 2520 ; free virtual = 6763
---------------------------------------------------------------------------------
No constraint files found.
---------------------------------------------------------------------------------
Start RTL Component Statistics 
---------------------------------------------------------------------------------
Detailed RTL Component Info : 
---------------------------------------------------------------------------------
Finished RTL Component Statistics 
---------------------------------------------------------------------------------
---------------------------------------------------------------------------------
Start Part Resource Summary
---------------------------------------------------------------------------------
Part Resources:
DSPs: 220 (col length:60)
BRAMs: 280 (col length: RAMB18 60 RAMB36 30)
---------------------------------------------------------------------------------
Finished Part Resource Summary
---------------------------------------------------------------------------------
No constraint files found.
---------------------------------------------------------------------------------
Start Cross Boundary and Area Optimization
---------------------------------------------------------------------------------
WARNING: [Synth 8-7080] Parallel synthesis criteria is not met
WARNING: [Synth 8-3330] design buffer_s has an empty top module
---------------------------------------------------------------------------------
Finished Cross Boundary and Area Optimization : Time (s): cpu = 00:00:07 ; elapsed = 00:00:07 . Memory (MB): peak = 8071.141 ; gain = 595.309 ; free physical = 2378 ; free virtual = 6624
---------------------------------------------------------------------------------
No constraint files found.
---------------------------------------------------------------------------------
Start Timing Optimization
---------------------------------------------------------------------------------
---------------------------------------------------------------------------------
Finished Timing Optimization : Time (s): cpu = 00:00:07 ; elapsed = 00:00:07 . Memory (MB): peak = 8094.953 ; gain = 619.121 ; free physical = 2358 ; free virtual = 6604
---------------------------------------------------------------------------------
---------------------------------------------------------------------------------
Start Technology Mapping
---------------------------------------------------------------------------------
---------------------------------------------------------------------------------
Finished Technology Mapping : Time (s): cpu = 00:00:07 ; elapsed = 00:00:07 . Memory (MB): peak = 8094.953 ; gain = 619.121 ; free physical = 2354 ; free virtual = 6600
---------------------------------------------------------------------------------
---------------------------------------------------------------------------------
Start IO Insertion
---------------------------------------------------------------------------------
---------------------------------------------------------------------------------
Start Flattening Before IO Insertion
---------------------------------------------------------------------------------
---------------------------------------------------------------------------------
Finished Flattening Before IO Insertion
---------------------------------------------------------------------------------
---------------------------------------------------------------------------------
Start Final Netlist Cleanup
---------------------------------------------------------------------------------
---------------------------------------------------------------------------------
Finished Final Netlist Cleanup
---------------------------------------------------------------------------------
---------------------------------------------------------------------------------
Finished IO Insertion : Time (s): cpu = 00:00:09 ; elapsed = 00:00:09 . Memory (MB): peak = 8243.770 ; gain = 767.938 ; free physical = 2216 ; free virtual = 6462
---------------------------------------------------------------------------------
---------------------------------------------------------------------------------
Start Renaming Generated Instances
---------------------------------------------------------------------------------
---------------------------------------------------------------------------------
Finished Renaming Generated Instances : Time (s): cpu = 00:00:09 ; elapsed = 00:00:09 . Memory (MB): peak = 8243.770 ; gain = 767.938 ; free physical = 2216 ; free virtual = 6462
---------------------------------------------------------------------------------
---------------------------------------------------------------------------------
Start Rebuilding User Hierarchy
---------------------------------------------------------------------------------
---------------------------------------------------------------------------------
Finished Rebuilding User Hierarchy : Time (s): cpu = 00:00:09 ; elapsed = 00:00:09 . Memory (MB): peak = 8243.770 ; gain = 767.938 ; free physical = 2216 ; free virtual = 6462
---------------------------------------------------------------------------------
---------------------------------------------------------------------------------
Start Renaming Generated Ports
---------------------------------------------------------------------------------
---------------------------------------------------------------------------------
Finished Renaming Generated Ports : Time (s): cpu = 00:00:09 ; elapsed = 00:00:09 . Memory (MB): peak = 8243.770 ; gain = 767.938 ; free physical = 2216 ; free virtual = 6462
---------------------------------------------------------------------------------
---------------------------------------------------------------------------------
Start Handling Custom Attributes
---------------------------------------------------------------------------------
---------------------------------------------------------------------------------
Finished Handling Custom Attributes : Time (s): cpu = 00:00:09 ; elapsed = 00:00:09 . Memory (MB): peak = 8243.770 ; gain = 767.938 ; free physical = 2216 ; free virtual = 6462
---------------------------------------------------------------------------------
---------------------------------------------------------------------------------
Start Renaming Generated Nets
---------------------------------------------------------------------------------
---------------------------------------------------------------------------------
Finished Renaming Generated Nets : Time (s): cpu = 00:00:09 ; elapsed = 00:00:09 . Memory (MB): peak = 8243.770 ; gain = 767.938 ; free physical = 2216 ; free virtual = 6462
---------------------------------------------------------------------------------
---------------------------------------------------------------------------------
Start Writing Synthesis Report
---------------------------------------------------------------------------------

Report BlackBoxes: 
+-+--------------+----------+
| |BlackBox name |Instances |
+-+--------------+----------+
+-+--------------+----------+

Report Cell Usage: 
+------+-----+------+
|      |Cell |Count |
+------+-----+------+
|1     |IBUF |     1|
|2     |OBUF |     1|
+------+-----+------+

Report Instance Areas: 
+------+---------+-------+------+
|      |Instance |Module |Cells |
+------+---------+-------+------+
|1     |top      |       |     2|
+------+---------+-------+------+
---------------------------------------------------------------------------------
Finished Writing Synthesis Report : Time (s): cpu = 00:00:09 ; elapsed = 00:00:09 . Memory (MB): peak = 8243.770 ; gain = 767.938 ; free physical = 2216 ; free virtual = 6462
---------------------------------------------------------------------------------
Synthesis finished with 0 errors, 0 critical warnings and 3 warnings.
Synthesis Optimization Runtime : Time (s): cpu = 00:00:09 ; elapsed = 00:00:09 . Memory (MB): peak = 8243.770 ; gain = 767.938 ; free physical = 2216 ; free virtual = 6462
Synthesis Optimization Complete : Time (s): cpu = 00:00:09 ; elapsed = 00:00:09 . Memory (MB): peak = 8243.777 ; gain = 767.938 ; free physical = 2216 ; free virtual = 6462
INFO: [Project 1-571] Translating synthesized netlist
Netlist sorting complete. Time (s): cpu = 00:00:00 ; elapsed = 00:00:00 . Memory (MB): peak = 8257.645 ; gain = 0.000 ; free physical = 2355 ; free virtual = 6601
INFO: [Project 1-570] Preparing netlist for logic optimization
INFO: [Opt 31-138] Pushed 0 inverter(s) to 0 load pin(s).
Netlist sorting complete. Time (s): cpu = 00:00:00 ; elapsed = 00:00:00 . Memory (MB): peak = 8353.207 ; gain = 0.000 ; free physical = 2270 ; free virtual = 6516
INFO: [Project 1-111] Unisim Transformation Summary:
No Unisim elements were transformed.

Synth Design complete | Checksum: e477c72d
INFO: [Common 17-83] Releasing license: Synthesis
12 Infos, 3 Warnings, 0 Critical Warnings and 0 Errors encountered.
synth_design completed successfully
synth_design: Time (s): cpu = 00:00:19 ; elapsed = 00:00:12 . Memory (MB): peak = 8767.574 ; gain = 1291.746 ; free physical = 1927 ; free virtual = 6173
INFO: [Common 17-2834] synth_design peak Physical Memory [PSS] (MB): overall = 2446.424; main = 2446.424; forked = 0.000
INFO: [Common 17-2834] synth_design peak Virtual Memory [VSS] (MB): overall = 8767.574; main = 8767.574; forked = 0.000
# show_schematic [current_design]
ERROR: [Coretcl 2-1062] Cannot display '' in schematic
exit
INFO: [Common 17-206] Exiting Vivado at Sat Nov  8 18:01:34 2025...
