#-----------------------------------------------------------
# Vivado v2024.2 (64-bit)
# SW Build 5239630 on Fri Nov 08 22:34:34 MST 2024
# IP Build 5239520 on Sun Nov 10 16:12:51 MST 2024
# SharedData Build 5239561 on Fri Nov 08 14:39:27 MST 2024
# Start of session at: Sat Nov  8 18:01:49 2025
# Process ID         : 30565
# Current directory  : /home/sg/JSG-Verilog/0_Basic/1_Gate/0_buffer/1_Structural_Modeling
# Command line       : vivado
# Log file           : /home/sg/JSG-Verilog/0_Basic/1_Gate/0_buffer/1_Structural_Modeling/vivado.log
# Journal file       : /home/sg/JSG-Verilog/0_Basic/1_Gate/0_buffer/1_Structural_Modeling/vivado.jou
# Running On         : DESKTOP-KUORUP8
# Platform           : Ubuntu
# Operating System   : Ubuntu 20.04.6 LTS
# Processor Detail   : 12th Gen Intel(R) Core(TM) i5-12400F
# CPU Frequency      : 2496.001 MHz
# CPU Physical cores : 6
# CPU Logical cores  : 12
# Host memory        : 8245 MB
# Swap memory        : 2147 MB
# Total Virtual      : 10392 MB
# Available Virtual  : 8474 MB
#-----------------------------------------------------------
start_gui
open_project /home/sg/project_1/project_1.xpr
INFO: [filemgmt 56-3] Default IP Output Path : Could not find the directory '/home/sg/project_1/project_1.gen/sources_1'.
Scanning sources...
Finished scanning sources
INFO: [IP_Flow 19-234] Refreshing IP repositories
INFO: [IP_Flow 19-1704] No user IP repositories specified
INFO: [IP_Flow 19-2313] Loaded Vivado IP repository '/home/sg/tools/Xilinx/Vivado/2024.2/data/ip'.
exit
INFO: [Common 17-206] Exiting Vivado at Sat Nov  8 18:07:16 2025...
