#-----------------------------------------------------------
# Vivado v2024.2 (64-bit)
# SW Build 5239630 on Fri Nov 08 22:34:34 MST 2024
# IP Build 5239520 on Sun Nov 10 16:12:51 MST 2024
# SharedData Build 5239561 on Fri Nov 08 14:39:27 MST 2024
# Start of session at: Sat Nov  8 21:36:20 2025
# Process ID         : 89440
# Current directory  : /home/sg/JSG-Verilog/0_Basic/2_Combinational_Logic_Circuit/03_Code_Converters/03_priority_encoder/work/vivado_proj
# Command line       : vivado -mode batch -source create_project.tcl
# Log file           : /home/sg/JSG-Verilog/0_Basic/2_Combinational_Logic_Circuit/03_Code_Converters/03_priority_encoder/work/vivado_proj/vivado.log
# Journal file       : /home/sg/JSG-Verilog/0_Basic/2_Combinational_Logic_Circuit/03_Code_Converters/03_priority_encoder/work/vivado_proj/vivado.jou
# Running On         : DESKTOP-KUORUP8
# Platform           : Ubuntu
# Operating System   : Ubuntu 20.04.6 LTS
# Processor Detail   : 12th Gen Intel(R) Core(TM) i5-12400F
# CPU Frequency      : 2496.001 MHz
# CPU Physical cores : 6
# CPU Logical cores  : 12
# Host memory        : 8245 MB
# Swap memory        : 2147 MB
# Total Virtual      : 10392 MB
# Available Virtual  : 8347 MB
#-----------------------------------------------------------
source create_project.tcl
# create_project -force vivado_proj . -part xc7z020clg400-1
# add_files ../../priority_encoder.v
# set_property top priority_encoder [get_filesets sources_1]
# update_compile_order -fileset sources_1
# exit
INFO: [Common 17-206] Exiting Vivado at Sat Nov  8 21:36:23 2025...
